[4.209s] DEBUG:colcon:Command line arguments: ['/usr/bin/colcon', 'build', '--packages-select', 'cpp_pubsub']
[4.210s] DEBUG:colcon:Parsed command line arguments: Namespace(log_base=None, log_level=None, verb_name='build', build_base='build', install_base='install', merge_install=False, symlink_install=False, test_result_base=None, continue_on_error=False, executor='parallel', parallel_workers=4, event_handlers=None, ignore_user_meta=False, metas=['./colcon.meta'], base_paths=['.'], packages_ignore=None, packages_ignore_regex=None, paths=None, packages_up_to=None, packages_up_to_regex=None, packages_above=None, packages_above_and_dependencies=None, packages_above_depth=None, packages_select_by_dep=None, packages_skip_by_dep=None, packages_skip_up_to=None, packages_select_build_failed=False, packages_skip_build_finished=False, packages_select_test_failures=False, packages_skip_test_passed=False, packages_select=['cpp_pubsub'], packages_skip=None, packages_select_regex=None, packages_skip_regex=None, packages_start=None, packages_end=None, cmake_args=None, cmake_target=None, cmake_target_skip_unavailable=False, cmake_clean_cache=False, cmake_clean_first=False, cmake_force_configure=False, ament_cmake_args=None, catkin_cmake_args=None, catkin_skip_building_tests=False, mixin_files=None, mixin=None, verb_parser=<colcon_mixin.mixin.mixin_argument.MixinArgumentDecorator object at 0x7f8d8bc258a0>, verb_extension=<colcon_core.verb.build.BuildVerb object at 0x7f8d8bea8cd0>, main=<bound method BuildVerb.main of <colcon_core.verb.build.BuildVerb object at 0x7f8d8bea8cd0>>, mixin_verb=('build',))
[4.373s] Level 1:colcon.colcon_core.package_discovery:discover_packages(colcon_meta) check parameters
[4.373s] Level 1:colcon.colcon_core.package_discovery:discover_packages(recursive) check parameters
[4.374s] Level 1:colcon.colcon_core.package_discovery:discover_packages(ignore) check parameters
[4.374s] Level 1:colcon.colcon_core.package_discovery:discover_packages(path) check parameters
[4.374s] Level 1:colcon.colcon_core.package_discovery:discover_packages(colcon_meta) discover
[4.374s] Level 1:colcon.colcon_core.package_discovery:discover_packages(recursive) discover
[4.374s] INFO:colcon.colcon_core.package_discovery:Crawling recursively for packages in '/home/shivam/ros2_ws/src/cpp_pubsub'
[4.374s] Level 1:colcon.colcon_core.package_identification:_identify(.) by extensions ['ignore', 'ignore_ament_install']
[4.375s] Level 1:colcon.colcon_core.package_identification:_identify(.) by extension 'ignore'
[4.375s] Level 1:colcon.colcon_core.package_identification:_identify(.) by extension 'ignore_ament_install'
[4.375s] Level 1:colcon.colcon_core.package_identification:_identify(.) by extensions ['colcon_pkg']
[4.375s] Level 1:colcon.colcon_core.package_identification:_identify(.) by extension 'colcon_pkg'
[4.375s] Level 1:colcon.colcon_core.package_identification:_identify(.) by extensions ['colcon_meta']
[4.375s] Level 1:colcon.colcon_core.package_identification:_identify(.) by extension 'colcon_meta'
[4.376s] Level 1:colcon.colcon_core.package_identification:_identify(.) by extensions ['ros']
[4.376s] Level 1:colcon.colcon_core.package_identification:_identify(.) by extension 'ros'
[4.420s] DEBUG:colcon.colcon_core.package_identification:Package '.' with type 'ros.ament_cmake' and name 'cpp_pubsub'
[4.420s] Level 1:colcon.colcon_core.package_discovery:discover_packages(recursive) using defaults
[4.420s] Level 1:colcon.colcon_core.package_discovery:discover_packages(ignore) discover
[4.420s] Level 1:colcon.colcon_core.package_discovery:discover_packages(ignore) using defaults
[4.421s] Level 1:colcon.colcon_core.package_discovery:discover_packages(path) discover
[4.421s] Level 1:colcon.colcon_core.package_discovery:discover_packages(path) using defaults
[4.663s] Level 5:colcon.colcon_core.verb:set package 'cpp_pubsub' build argument 'cmake_args' from command line to 'None'
[4.663s] Level 5:colcon.colcon_core.verb:set package 'cpp_pubsub' build argument 'cmake_target' from command line to 'None'
[4.663s] Level 5:colcon.colcon_core.verb:set package 'cpp_pubsub' build argument 'cmake_target_skip_unavailable' from command line to 'False'
[4.664s] Level 5:colcon.colcon_core.verb:set package 'cpp_pubsub' build argument 'cmake_clean_cache' from command line to 'False'
[4.664s] Level 5:colcon.colcon_core.verb:set package 'cpp_pubsub' build argument 'cmake_clean_first' from command line to 'False'
[4.664s] Level 5:colcon.colcon_core.verb:set package 'cpp_pubsub' build argument 'cmake_force_configure' from command line to 'False'
[4.664s] Level 5:colcon.colcon_core.verb:set package 'cpp_pubsub' build argument 'ament_cmake_args' from command line to 'None'
[4.664s] Level 5:colcon.colcon_core.verb:set package 'cpp_pubsub' build argument 'catkin_cmake_args' from command line to 'None'
[4.664s] Level 5:colcon.colcon_core.verb:set package 'cpp_pubsub' build argument 'catkin_skip_building_tests' from command line to 'False'
[4.664s] DEBUG:colcon.colcon_core.verb:Building package 'cpp_pubsub' with the following arguments: {'ament_cmake_args': None, 'build_base': '/home/shivam/ros2_ws/src/cpp_pubsub/build/cpp_pubsub', 'catkin_cmake_args': None, 'catkin_skip_building_tests': False, 'cmake_args': None, 'cmake_clean_cache': False, 'cmake_clean_first': False, 'cmake_force_configure': False, 'cmake_target': None, 'cmake_target_skip_unavailable': False, 'install_base': '/home/shivam/ros2_ws/src/cpp_pubsub/install/cpp_pubsub', 'merge_install': False, 'path': '/home/shivam/ros2_ws/src/cpp_pubsub', 'symlink_install': False, 'test_result_base': None}
[4.711s] INFO:colcon.colcon_core.executor:Executing jobs using 'parallel' executor
[4.764s] DEBUG:colcon.colcon_parallel_executor.executor.parallel:run_until_complete
[4.764s] INFO:colcon.colcon_ros.task.ament_cmake.build:Building ROS package in '/home/shivam/ros2_ws/src/cpp_pubsub' with build type 'ament_cmake'
[4.765s] INFO:colcon.colcon_cmake.task.cmake.build:Building CMake package in '/home/shivam/ros2_ws/src/cpp_pubsub'
[4.829s] INFO:colcon.colcon_core.plugin_system:Skipping extension 'colcon_core.shell.bat': Not used on non-Windows systems
[4.830s] INFO:colcon.colcon_core.shell:Skip shell extension 'powershell' for command environment: Not usable outside of PowerShell
[4.830s] DEBUG:colcon.colcon_core.shell:Skip shell extension 'dsv' for command environment
[4.976s] DEBUG:colcon.colcon_core.event_handler.log_command:Invoking command in '/home/shivam/ros2_ws/src/cpp_pubsub/build/cpp_pubsub': CMAKE_PREFIX_PATH=/opt/ros/humble /usr/bin/cmake /home/shivam/ros2_ws/src/cpp_pubsub -DCMAKE_INSTALL_PREFIX=/home/shivam/ros2_ws/src/cpp_pubsub/install/cpp_pubsub
[13.639s] DEBUG:colcon.colcon_core.event_handler.log_command:Invoked command in '/home/shivam/ros2_ws/src/cpp_pubsub/build/cpp_pubsub' returned '0': CMAKE_PREFIX_PATH=/opt/ros/humble /usr/bin/cmake /home/shivam/ros2_ws/src/cpp_pubsub -DCMAKE_INSTALL_PREFIX=/home/shivam/ros2_ws/src/cpp_pubsub/install/cpp_pubsub
[13.640s] DEBUG:colcon.colcon_core.event_handler.log_command:Invoking command in '/home/shivam/ros2_ws/src/cpp_pubsub/build/cpp_pubsub': CMAKE_PREFIX_PATH=/opt/ros/humble /usr/bin/cmake --build /home/shivam/ros2_ws/src/cpp_pubsub/build/cpp_pubsub -- -j4 -l4
