[3.502s] DEBUG:colcon:Command line arguments: ['/usr/bin/colcon', 'build', '--packages-select', 'cpp_pubsub']
[3.502s] DEBUG:colcon:Parsed command line arguments: Namespace(log_base=None, log_level=None, verb_name='build', build_base='build', install_base='install', merge_install=False, symlink_install=False, test_result_base=None, continue_on_error=False, executor='parallel', parallel_workers=4, event_handlers=None, ignore_user_meta=False, metas=['./colcon.meta'], base_paths=['.'], packages_ignore=None, packages_ignore_regex=None, paths=None, packages_up_to=None, packages_up_to_regex=None, packages_above=None, packages_above_and_dependencies=None, packages_above_depth=None, packages_select_by_dep=None, packages_skip_by_dep=None, packages_skip_up_to=None, packages_select_build_failed=False, packages_skip_build_finished=False, packages_select_test_failures=False, packages_skip_test_passed=False, packages_select=['cpp_pubsub'], packages_skip=None, packages_select_regex=None, packages_skip_regex=None, packages_start=None, packages_end=None, cmake_args=None, cmake_target=None, cmake_target_skip_unavailable=False, cmake_clean_cache=False, cmake_clean_first=False, cmake_force_configure=False, ament_cmake_args=None, catkin_cmake_args=None, catkin_skip_building_tests=False, mixin_files=None, mixin=None, verb_parser=<colcon_mixin.mixin.mixin_argument.MixinArgumentDecorator object at 0x7f0e56bfd720>, verb_extension=<colcon_core.verb.build.BuildVerb object at 0x7f0e56e54cd0>, main=<bound method BuildVerb.main of <colcon_core.verb.build.BuildVerb object at 0x7f0e56e54cd0>>, mixin_verb=('build',))
[3.671s] Level 1:colcon.colcon_core.package_discovery:discover_packages(colcon_meta) check parameters
[3.671s] Level 1:colcon.colcon_core.package_discovery:discover_packages(recursive) check parameters
[3.671s] Level 1:colcon.colcon_core.package_discovery:discover_packages(ignore) check parameters
[3.671s] Level 1:colcon.colcon_core.package_discovery:discover_packages(path) check parameters
[3.671s] Level 1:colcon.colcon_core.package_discovery:discover_packages(colcon_meta) discover
[3.672s] Level 1:colcon.colcon_core.package_discovery:discover_packages(recursive) discover
[3.672s] INFO:colcon.colcon_core.package_discovery:Crawling recursively for packages in '/home/shivam/ros2_ws/src/cpp_pubsub'
[3.672s] Level 1:colcon.colcon_core.package_identification:_identify(.) by extensions ['ignore', 'ignore_ament_install']
[3.672s] Level 1:colcon.colcon_core.package_identification:_identify(.) by extension 'ignore'
[3.673s] Level 1:colcon.colcon_core.package_identification:_identify(.) by extension 'ignore_ament_install'
[3.673s] Level 1:colcon.colcon_core.package_identification:_identify(.) by extensions ['colcon_pkg']
[3.673s] Level 1:colcon.colcon_core.package_identification:_identify(.) by extension 'colcon_pkg'
[3.673s] Level 1:colcon.colcon_core.package_identification:_identify(.) by extensions ['colcon_meta']
[3.673s] Level 1:colcon.colcon_core.package_identification:_identify(.) by extension 'colcon_meta'
[3.673s] Level 1:colcon.colcon_core.package_identification:_identify(.) by extensions ['ros']
[3.673s] Level 1:colcon.colcon_core.package_identification:_identify(.) by extension 'ros'
[3.717s] DEBUG:colcon.colcon_core.package_identification:Package '.' with type 'ros.ament_cmake' and name 'cpp_pubsub'
[3.717s] Level 1:colcon.colcon_core.package_discovery:discover_packages(recursive) using defaults
[3.718s] Level 1:colcon.colcon_core.package_discovery:discover_packages(ignore) discover
[3.718s] Level 1:colcon.colcon_core.package_discovery:discover_packages(ignore) using defaults
[3.718s] Level 1:colcon.colcon_core.package_discovery:discover_packages(path) discover
[3.718s] Level 1:colcon.colcon_core.package_discovery:discover_packages(path) using defaults
[3.985s] Level 5:colcon.colcon_core.verb:set package 'cpp_pubsub' build argument 'cmake_args' from command line to 'None'
[3.985s] Level 5:colcon.colcon_core.verb:set package 'cpp_pubsub' build argument 'cmake_target' from command line to 'None'
[3.985s] Level 5:colcon.colcon_core.verb:set package 'cpp_pubsub' build argument 'cmake_target_skip_unavailable' from command line to 'False'
[3.985s] Level 5:colcon.colcon_core.verb:set package 'cpp_pubsub' build argument 'cmake_clean_cache' from command line to 'False'
[3.985s] Level 5:colcon.colcon_core.verb:set package 'cpp_pubsub' build argument 'cmake_clean_first' from command line to 'False'
[3.986s] Level 5:colcon.colcon_core.verb:set package 'cpp_pubsub' build argument 'cmake_force_configure' from command line to 'False'
[3.986s] Level 5:colcon.colcon_core.verb:set package 'cpp_pubsub' build argument 'ament_cmake_args' from command line to 'None'
[3.986s] Level 5:colcon.colcon_core.verb:set package 'cpp_pubsub' build argument 'catkin_cmake_args' from command line to 'None'
[3.986s] Level 5:colcon.colcon_core.verb:set package 'cpp_pubsub' build argument 'catkin_skip_building_tests' from command line to 'False'
[3.986s] DEBUG:colcon.colcon_core.verb:Building package 'cpp_pubsub' with the following arguments: {'ament_cmake_args': None, 'build_base': '/home/shivam/ros2_ws/src/cpp_pubsub/build/cpp_pubsub', 'catkin_cmake_args': None, 'catkin_skip_building_tests': False, 'cmake_args': None, 'cmake_clean_cache': False, 'cmake_clean_first': False, 'cmake_force_configure': False, 'cmake_target': None, 'cmake_target_skip_unavailable': False, 'install_base': '/home/shivam/ros2_ws/src/cpp_pubsub/install/cpp_pubsub', 'merge_install': False, 'path': '/home/shivam/ros2_ws/src/cpp_pubsub', 'symlink_install': False, 'test_result_base': None}
[4.032s] INFO:colcon.colcon_core.executor:Executing jobs using 'parallel' executor
[4.087s] DEBUG:colcon.colcon_parallel_executor.executor.parallel:run_until_complete
[4.087s] INFO:colcon.colcon_ros.task.ament_cmake.build:Building ROS package in '/home/shivam/ros2_ws/src/cpp_pubsub' with build type 'ament_cmake'
[4.088s] INFO:colcon.colcon_cmake.task.cmake.build:Building CMake package in '/home/shivam/ros2_ws/src/cpp_pubsub'
[4.151s] INFO:colcon.colcon_core.plugin_system:Skipping extension 'colcon_core.shell.bat': Not used on non-Windows systems
[4.152s] INFO:colcon.colcon_core.shell:Skip shell extension 'powershell' for command environment: Not usable outside of PowerShell
[4.152s] DEBUG:colcon.colcon_core.shell:Skip shell extension 'dsv' for command environment
[4.303s] DEBUG:colcon.colcon_core.event_handler.log_command:Invoking command in '/home/shivam/ros2_ws/src/cpp_pubsub/build/cpp_pubsub': CMAKE_PREFIX_PATH=/opt/ros/humble /usr/bin/cmake --build /home/shivam/ros2_ws/src/cpp_pubsub/build/cpp_pubsub -- -j4 -l4
[62.435s] DEBUG:colcon.colcon_core.event_handler.log_command:Invoked command in '/home/shivam/ros2_ws/src/cpp_pubsub/build/cpp_pubsub' returned '0': CMAKE_PREFIX_PATH=/opt/ros/humble /usr/bin/cmake --build /home/shivam/ros2_ws/src/cpp_pubsub/build/cpp_pubsub -- -j4 -l4
[62.631s] DEBUG:colcon.colcon_core.event_handler.log_command:Invoking command in '/home/shivam/ros2_ws/src/cpp_pubsub/build/cpp_pubsub': CMAKE_PREFIX_PATH=/opt/ros/humble /usr/bin/cmake --install /home/shivam/ros2_ws/src/cpp_pubsub/build/cpp_pubsub
[62.855s] Level 1:colcon.colcon_core.environment:create_environment_scripts_only(cpp_pubsub)
[62.872s] DEBUG:colcon.colcon_core.event_handler.log_command:Invoked command in '/home/shivam/ros2_ws/src/cpp_pubsub/build/cpp_pubsub' returned '0': CMAKE_PREFIX_PATH=/opt/ros/humble /usr/bin/cmake --install /home/shivam/ros2_ws/src/cpp_pubsub/build/cpp_pubsub
[62.939s] Level 1:colcon.colcon_core.environment:checking '/home/shivam/ros2_ws/src/cpp_pubsub/install/cpp_pubsub' for CMake module files
[62.941s] Level 1:colcon.colcon_core.environment:checking '/home/shivam/ros2_ws/src/cpp_pubsub/install/cpp_pubsub' for CMake config files
[62.942s] Level 1:colcon.colcon_core.shell:create_environment_hook('cpp_pubsub', 'cmake_prefix_path')
[62.994s] INFO:colcon.colcon_core.shell:Creating environment hook '/home/shivam/ros2_ws/src/cpp_pubsub/install/cpp_pubsub/share/cpp_pubsub/hook/cmake_prefix_path.ps1'
[62.997s] INFO:colcon.colcon_core.shell:Creating environment descriptor '/home/shivam/ros2_ws/src/cpp_pubsub/install/cpp_pubsub/share/cpp_pubsub/hook/cmake_prefix_path.dsv'
[63.000s] INFO:colcon.colcon_core.shell:Creating environment hook '/home/shivam/ros2_ws/src/cpp_pubsub/install/cpp_pubsub/share/cpp_pubsub/hook/cmake_prefix_path.sh'
[63.004s] Level 1:colcon.colcon_core.environment:checking '/home/shivam/ros2_ws/src/cpp_pubsub/install/cpp_pubsub/lib'
[63.005s] Level 1:colcon.colcon_core.shell:create_environment_hook('cpp_pubsub', 'ld_library_path_lib')
[63.040s] INFO:colcon.colcon_core.shell:Creating environment hook '/home/shivam/ros2_ws/src/cpp_pubsub/install/cpp_pubsub/share/cpp_pubsub/hook/ld_library_path_lib.ps1'
[63.041s] INFO:colcon.colcon_core.shell:Creating environment descriptor '/home/shivam/ros2_ws/src/cpp_pubsub/install/cpp_pubsub/share/cpp_pubsub/hook/ld_library_path_lib.dsv'
[63.041s] INFO:colcon.colcon_core.shell:Creating environment hook '/home/shivam/ros2_ws/src/cpp_pubsub/install/cpp_pubsub/share/cpp_pubsub/hook/ld_library_path_lib.sh'
[63.042s] Level 1:colcon.colcon_core.environment:checking '/home/shivam/ros2_ws/src/cpp_pubsub/install/cpp_pubsub/bin'
[63.043s] Level 1:colcon.colcon_core.environment:checking '/home/shivam/ros2_ws/src/cpp_pubsub/install/cpp_pubsub/lib/pkgconfig/cpp_pubsub.pc'
[63.052s] Level 1:colcon.colcon_core.environment:checking '/home/shivam/ros2_ws/src/cpp_pubsub/install/cpp_pubsub/lib/python3.10/site-packages'
[63.053s] Level 1:colcon.colcon_core.environment:checking '/home/shivam/ros2_ws/src/cpp_pubsub/install/cpp_pubsub/bin'
[63.112s] INFO:colcon.colcon_core.shell:Creating package script '/home/shivam/ros2_ws/src/cpp_pubsub/install/cpp_pubsub/share/cpp_pubsub/package.ps1'
[63.116s] INFO:colcon.colcon_core.shell:Creating package descriptor '/home/shivam/ros2_ws/src/cpp_pubsub/install/cpp_pubsub/share/cpp_pubsub/package.dsv'
[63.119s] INFO:colcon.colcon_core.shell:Creating package script '/home/shivam/ros2_ws/src/cpp_pubsub/install/cpp_pubsub/share/cpp_pubsub/package.sh'
[63.123s] INFO:colcon.colcon_core.shell:Creating package script '/home/shivam/ros2_ws/src/cpp_pubsub/install/cpp_pubsub/share/cpp_pubsub/package.bash'
[63.127s] INFO:colcon.colcon_core.shell:Creating package script '/home/shivam/ros2_ws/src/cpp_pubsub/install/cpp_pubsub/share/cpp_pubsub/package.zsh'
[63.131s] Level 1:colcon.colcon_core.environment:create_file_with_runtime_dependencies(/home/shivam/ros2_ws/src/cpp_pubsub/install/cpp_pubsub/share/colcon-core/packages/cpp_pubsub)
[63.386s] Level 1:colcon.colcon_core.environment:create_environment_scripts_only(cpp_pubsub)
[63.463s] Level 1:colcon.colcon_core.environment:checking '/home/shivam/ros2_ws/src/cpp_pubsub/install/cpp_pubsub' for CMake module files
[63.466s] Level 1:colcon.colcon_core.environment:checking '/home/shivam/ros2_ws/src/cpp_pubsub/install/cpp_pubsub' for CMake config files
[63.466s] Level 1:colcon.colcon_core.shell:create_environment_hook('cpp_pubsub', 'cmake_prefix_path')
[63.531s] INFO:colcon.colcon_core.shell:Creating environment hook '/home/shivam/ros2_ws/src/cpp_pubsub/install/cpp_pubsub/share/cpp_pubsub/hook/cmake_prefix_path.ps1'
[63.533s] INFO:colcon.colcon_core.shell:Creating environment descriptor '/home/shivam/ros2_ws/src/cpp_pubsub/install/cpp_pubsub/share/cpp_pubsub/hook/cmake_prefix_path.dsv'
[63.534s] INFO:colcon.colcon_core.shell:Creating environment hook '/home/shivam/ros2_ws/src/cpp_pubsub/install/cpp_pubsub/share/cpp_pubsub/hook/cmake_prefix_path.sh'
[63.536s] Level 1:colcon.colcon_core.environment:checking '/home/shivam/ros2_ws/src/cpp_pubsub/install/cpp_pubsub/lib'
[63.537s] Level 1:colcon.colcon_core.shell:create_environment_hook('cpp_pubsub', 'ld_library_path_lib')
[63.593s] INFO:colcon.colcon_core.shell:Creating environment hook '/home/shivam/ros2_ws/src/cpp_pubsub/install/cpp_pubsub/share/cpp_pubsub/hook/ld_library_path_lib.ps1'
[63.594s] INFO:colcon.colcon_core.shell:Creating environment descriptor '/home/shivam/ros2_ws/src/cpp_pubsub/install/cpp_pubsub/share/cpp_pubsub/hook/ld_library_path_lib.dsv'
[63.596s] INFO:colcon.colcon_core.shell:Creating environment hook '/home/shivam/ros2_ws/src/cpp_pubsub/install/cpp_pubsub/share/cpp_pubsub/hook/ld_library_path_lib.sh'
[63.597s] Level 1:colcon.colcon_core.environment:checking '/home/shivam/ros2_ws/src/cpp_pubsub/install/cpp_pubsub/bin'
[63.598s] Level 1:colcon.colcon_core.environment:checking '/home/shivam/ros2_ws/src/cpp_pubsub/install/cpp_pubsub/lib/pkgconfig/cpp_pubsub.pc'
[63.598s] Level 1:colcon.colcon_core.environment:checking '/home/shivam/ros2_ws/src/cpp_pubsub/install/cpp_pubsub/lib/python3.10/site-packages'
[63.599s] Level 1:colcon.colcon_core.environment:checking '/home/shivam/ros2_ws/src/cpp_pubsub/install/cpp_pubsub/bin'
[63.641s] INFO:colcon.colcon_core.shell:Creating package script '/home/shivam/ros2_ws/src/cpp_pubsub/install/cpp_pubsub/share/cpp_pubsub/package.ps1'
[63.644s] INFO:colcon.colcon_core.shell:Creating package descriptor '/home/shivam/ros2_ws/src/cpp_pubsub/install/cpp_pubsub/share/cpp_pubsub/package.dsv'
[63.645s] INFO:colcon.colcon_core.shell:Creating package script '/home/shivam/ros2_ws/src/cpp_pubsub/install/cpp_pubsub/share/cpp_pubsub/package.sh'
[63.646s] INFO:colcon.colcon_core.shell:Creating package script '/home/shivam/ros2_ws/src/cpp_pubsub/install/cpp_pubsub/share/cpp_pubsub/package.bash'
[63.649s] INFO:colcon.colcon_core.shell:Creating package script '/home/shivam/ros2_ws/src/cpp_pubsub/install/cpp_pubsub/share/cpp_pubsub/package.zsh'
[63.651s] Level 1:colcon.colcon_core.environment:create_file_with_runtime_dependencies(/home/shivam/ros2_ws/src/cpp_pubsub/install/cpp_pubsub/share/colcon-core/packages/cpp_pubsub)
[63.652s] DEBUG:colcon.colcon_parallel_executor.executor.parallel:closing loop
[63.657s] DEBUG:colcon.colcon_parallel_executor.executor.parallel:loop closed
[63.657s] DEBUG:colcon.colcon_parallel_executor.executor.parallel:run_until_complete finished with '0'
[63.657s] DEBUG:colcon.colcon_core.event_reactor:joining thread
[63.746s] INFO:colcon.colcon_core.plugin_system:Skipping extension 'colcon_notification.desktop_notification.notify_send': Could not find 'notify-send'
[63.746s] INFO:colcon.colcon_core.plugin_system:Skipping extension 'colcon_notification.desktop_notification.terminal_notifier': Not used on non-Darwin systems
[63.746s] INFO:colcon.colcon_core.plugin_system:Skipping extension 'colcon_notification.desktop_notification.win32': Not used on non-Windows systems
[63.747s] INFO:colcon.colcon_notification.desktop_notification:Sending desktop notification using 'notify2'
[63.755s] DEBUG:colcon.colcon_notification.desktop_notification.notify2:Failed to initialize notify2: org.freedesktop.DBus.Error.Spawn.ExecFailed: /usr/bin/dbus-launch terminated abnormally without any error message
[63.755s] DEBUG:colcon.colcon_core.event_reactor:joined thread
[63.807s] INFO:colcon.colcon_core.shell:Creating prefix script '/home/shivam/ros2_ws/src/cpp_pubsub/install/local_setup.ps1'
[63.810s] INFO:colcon.colcon_core.shell:Creating prefix util module '/home/shivam/ros2_ws/src/cpp_pubsub/install/_local_setup_util_ps1.py'
[63.814s] INFO:colcon.colcon_core.shell:Creating prefix chain script '/home/shivam/ros2_ws/src/cpp_pubsub/install/setup.ps1'
[63.894s] INFO:colcon.colcon_core.shell:Creating prefix script '/home/shivam/ros2_ws/src/cpp_pubsub/install/local_setup.sh'
[63.897s] INFO:colcon.colcon_core.shell:Creating prefix util module '/home/shivam/ros2_ws/src/cpp_pubsub/install/_local_setup_util_sh.py'
[63.897s] INFO:colcon.colcon_core.shell:Creating prefix chain script '/home/shivam/ros2_ws/src/cpp_pubsub/install/setup.sh'
[63.954s] INFO:colcon.colcon_core.shell:Creating prefix script '/home/shivam/ros2_ws/src/cpp_pubsub/install/local_setup.bash'
[63.957s] INFO:colcon.colcon_core.shell:Creating prefix chain script '/home/shivam/ros2_ws/src/cpp_pubsub/install/setup.bash'
[64.004s] INFO:colcon.colcon_core.shell:Creating prefix script '/home/shivam/ros2_ws/src/cpp_pubsub/install/local_setup.zsh'
[64.006s] INFO:colcon.colcon_core.shell:Creating prefix chain script '/home/shivam/ros2_ws/src/cpp_pubsub/install/setup.zsh'
