-- Found rosidl_default_generators: 1.2.0 (/opt/ros/humble/share/rosidl_default_generators/cmake)
-- Found ament_cmake_core: 1.3.5 (/opt/ros/humble/share/ament_cmake_core/cmake)
-- Using all available rosidl_typesupport_c: rosidl_typesupport_fastrtps_c;rosidl_typesupport_introspection_c
-- Found rosidl_adapter: 3.1.5 (/opt/ros/humble/share/rosidl_adapter/cmake)
-- Using all available rosidl_typesupport_cpp: rosidl_typesupport_fastrtps_cpp;rosidl_typesupport_introspection_cpp
-- Found ament_cmake_ros: 0.10.0 (/opt/ros/humble/share/ament_cmake_ros/cmake)
-- Using all available rosidl_typesupport_c: rosidl_typesupport_fastrtps_c;rosidl_typesupport_introspection_c
-- Using all available rosidl_typesupport_cpp: rosidl_typesupport_fastrtps_cpp;rosidl_typesupport_introspection_cpp
-- Found python_cmake_module: 0.10.0 (/opt/ros/humble/share/python_cmake_module/cmake)
-- Using PYTHON_EXECUTABLE: /usr/bin/python3
-- Using PYTHON_INCLUDE_DIRS: /usr/include/python3.10
-- Using PYTHON_LIBRARIES: /usr/lib/x86_64-linux-gnu/libpython3.10.so
-- Found rclcpp: 16.0.6 (/opt/ros/humble/share/rclcpp/cmake)
-- Found rmw_implementation_cmake: 6.1.1 (/opt/ros/humble/share/rmw_implementation_cmake/cmake)
-- Found rmw_fastrtps_cpp: 6.2.4 (/opt/ros/humble/share/rmw_fastrtps_cpp/cmake)
-- Using RMW implementation 'rmw_fastrtps_cpp' as default
-- Found rclcpp_action: 16.0.6 (/opt/ros/humble/share/rclcpp_action/cmake)
-- Found geometry_msgs: 4.2.3 (/opt/ros/humble/share/geometry_msgs/cmake)
-- Found tf2: 0.25.4 (/opt/ros/humble/share/tf2/cmake)
-- Found tf2_ros: 0.25.4 (/opt/ros/humble/share/tf2_ros/cmake)
-- Found ament_lint_auto: 0.12.8 (/opt/ros/humble/share/ament_lint_auto/cmake)
-- Found gtest sources under '/opt/ros/humble/src/gtest_vendor': C++ tests using 'Google Test' will be built
[0mCMake Deprecation Warning at /opt/ros/humble/share/rosidl_cmake/cmake/rosidl_target_interfaces.cmake:32 (message):
  Use rosidl_get_typesupport_target() and target_link_libraries() instead of
  rosidl_target_interfaces()
Call Stack (most recent call first):
  CMakeLists.txt:79 (rosidl_target_interfaces)

[0m
-- Added test 'lint_cmake' to check CMake code style
-- Added test 'pep257' to check Python code against some of the docstring style conventions in PEP 257
-- Configuring done
-- Generating done
-- Build files have been written to: /home/shivam/ros2_ws/src/cpp_pubsub/build/cpp_pubsub
[  2%] Built target cpp_pubsub__cpp
[35m[1mConsolidate compiler generated dependencies of target listener[0m
[  7%] Built target listener
[35m[1mConsolidate compiler generated dependencies of target gtest_main[0m
[ 12%] Built target gtest_main
[35m[1mConsolidate compiler generated dependencies of target gtest[0m
[ 17%] Built target gtest
[35m[1mConsolidate compiler generated dependencies of target cpp_pubsub__rosidl_typesupport_cpp[0m
[ 24%] Built target cpp_pubsub__rosidl_typesupport_cpp
[35m[1mConsolidate compiler generated dependencies of target cpp_pubsub__rosidl_typesupport_fastrtps_cpp[0m
[ 31%] Built target cpp_pubsub__rosidl_typesupport_fastrtps_cpp
[ 34%] [34m[1mGenerating C++ introspection for ROS interfaces[0m
[ 36%] [32mBuilding CXX object CMakeFiles/cpp_pubsub__rosidl_typesupport_introspection_cpp.dir/rosidl_typesupport_introspection_cpp/cpp_pubsub/srv/detail/modify_message__type_support.cpp.o[0m
[ 39%] [32m[1mLinking CXX shared library libcpp_pubsub__rosidl_typesupport_introspection_cpp.so[0m
[ 39%] Built target cpp_pubsub__rosidl_typesupport_introspection_cpp
[ 41%] [32mBuilding CXX object CMakeFiles/cpp_pubsub_tests.dir/test/integration_tests.cpp.o[0m
[ 43%] [32m[1mLinking CXX executable cpp_pubsub_tests[0m
[ 43%] Built target cpp_pubsub_tests
[ 43%] Built target ament_cmake_python_copy_cpp_pubsub
[ 46%] [34m[1mGenerating C code for ROS interfaces[0m
[ 48%] [32mBuilding C object CMakeFiles/cpp_pubsub__rosidl_generator_c.dir/rosidl_generator_c/cpp_pubsub/srv/detail/modify_message__functions.c.o[0m
[ 51%] [32m[1mLinking C shared library libcpp_pubsub__rosidl_generator_c.so[0m
[ 51%] Built target cpp_pubsub__rosidl_generator_c
running egg_info
creating cpp_pubsub.egg-info
writing cpp_pubsub.egg-info/PKG-INFO
writing dependency_links to cpp_pubsub.egg-info/dependency_links.txt
writing top-level names to cpp_pubsub.egg-info/top_level.txt
writing manifest file 'cpp_pubsub.egg-info/SOURCES.txt'
reading manifest file 'cpp_pubsub.egg-info/SOURCES.txt'
writing manifest file 'cpp_pubsub.egg-info/SOURCES.txt'
[ 51%] Built target ament_cmake_python_build_cpp_pubsub_egg
[ 53%] [34m[1mGenerating C type support dispatch for ROS interfaces[0m
[ 56%] [32mBuilding CXX object CMakeFiles/cpp_pubsub__rosidl_typesupport_c.dir/rosidl_typesupport_c/cpp_pubsub/srv/modify_message__type_support.cpp.o[0m
[ 58%] [32m[1mLinking CXX shared library libcpp_pubsub__rosidl_typesupport_c.so[0m
[ 58%] Built target cpp_pubsub__rosidl_typesupport_c
[ 60%] [34m[1mGenerating C introspection for ROS interfaces[0m
[ 63%] [32mBuilding C object CMakeFiles/cpp_pubsub__rosidl_typesupport_introspection_c.dir/rosidl_typesupport_introspection_c/cpp_pubsub/srv/detail/modify_message__type_support.c.o[0m
[ 65%] [32m[1mLinking C shared library libcpp_pubsub__rosidl_typesupport_introspection_c.so[0m
[ 65%] Built target cpp_pubsub__rosidl_typesupport_introspection_c
[ 68%] [34m[1mGenerating C type support for eProsima Fast-RTPS[0m
[ 70%] [32mBuilding CXX object CMakeFiles/cpp_pubsub__rosidl_typesupport_fastrtps_c.dir/rosidl_typesupport_fastrtps_c/cpp_pubsub/srv/detail/modify_message__type_support_c.cpp.o[0m
[ 73%] [32m[1mLinking CXX shared library libcpp_pubsub__rosidl_typesupport_fastrtps_c.so[0m
[ 73%] Built target cpp_pubsub__rosidl_typesupport_fastrtps_c
[ 73%] Built target cpp_pubsub
[ 75%] [34m[1mGenerating Python code for ROS interfaces[0m
[ 75%] Built target cpp_pubsub__py
[ 78%] [32mBuilding CXX object CMakeFiles/talker.dir/src/publisher_member_function.cpp.o[0m
[ 80%] [32m[1mLinking CXX executable talker[0m
[ 80%] Built target talker
[ 82%] [32mBuilding C object CMakeFiles/cpp_pubsub__rosidl_generator_py.dir/rosidl_generator_py/cpp_pubsub/srv/_modify_message_s.c.o[0m
[ 85%] [32m[1mLinking C shared library rosidl_generator_py/cpp_pubsub/libcpp_pubsub__rosidl_generator_py.so[0m
[ 85%] Built target cpp_pubsub__rosidl_generator_py
[ 87%] [32mBuilding C object CMakeFiles/cpp_pubsub__rosidl_typesupport_fastrtps_c__pyext.dir/rosidl_generator_py/cpp_pubsub/_cpp_pubsub_s.ep.rosidl_typesupport_fastrtps_c.c.o[0m
[ 90%] [32m[1mLinking C shared library rosidl_generator_py/cpp_pubsub/cpp_pubsub_s__rosidl_typesupport_fastrtps_c.cpython-310-x86_64-linux-gnu.so[0m
[ 90%] Built target cpp_pubsub__rosidl_typesupport_fastrtps_c__pyext
[ 92%] [32mBuilding C object CMakeFiles/cpp_pubsub__rosidl_typesupport_c__pyext.dir/rosidl_generator_py/cpp_pubsub/_cpp_pubsub_s.ep.rosidl_typesupport_c.c.o[0m
[ 95%] [32m[1mLinking C shared library rosidl_generator_py/cpp_pubsub/cpp_pubsub_s__rosidl_typesupport_c.cpython-310-x86_64-linux-gnu.so[0m
[ 95%] Built target cpp_pubsub__rosidl_typesupport_c__pyext
[ 97%] [32mBuilding C object CMakeFiles/cpp_pubsub__rosidl_typesupport_introspection_c__pyext.dir/rosidl_generator_py/cpp_pubsub/_cpp_pubsub_s.ep.rosidl_typesupport_introspection_c.c.o[0m
[100%] [32m[1mLinking C shared library rosidl_generator_py/cpp_pubsub/cpp_pubsub_s__rosidl_typesupport_introspection_c.cpython-310-x86_64-linux-gnu.so[0m
[100%] Built target cpp_pubsub__rosidl_typesupport_introspection_c__pyext
-- Install configuration: ""
-- Installing: /home/shivam/ros2_ws/src/cpp_pubsub/install/cpp_pubsub/share/ament_index/resource_index/rosidl_interfaces/cpp_pubsub
-- Installing: /home/shivam/ros2_ws/src/cpp_pubsub/install/cpp_pubsub/include/cpp_pubsub/cpp_pubsub
-- Installing: /home/shivam/ros2_ws/src/cpp_pubsub/install/cpp_pubsub/include/cpp_pubsub/cpp_pubsub/srv
-- Installing: /home/shivam/ros2_ws/src/cpp_pubsub/install/cpp_pubsub/include/cpp_pubsub/cpp_pubsub/srv/detail
-- Installing: /home/shivam/ros2_ws/src/cpp_pubsub/install/cpp_pubsub/include/cpp_pubsub/cpp_pubsub/srv/detail/modify_message__functions.h
-- Installing: /home/shivam/ros2_ws/src/cpp_pubsub/install/cpp_pubsub/include/cpp_pubsub/cpp_pubsub/srv/detail/modify_message__struct.h
-- Installing: /home/shivam/ros2_ws/src/cpp_pubsub/install/cpp_pubsub/include/cpp_pubsub/cpp_pubsub/srv/detail/modify_message__type_support.h
-- Installing: /home/shivam/ros2_ws/src/cpp_pubsub/install/cpp_pubsub/include/cpp_pubsub/cpp_pubsub/srv/detail/modify_message__functions.c
-- Installing: /home/shivam/ros2_ws/src/cpp_pubsub/install/cpp_pubsub/include/cpp_pubsub/cpp_pubsub/srv/modify_message.h
-- Installing: /home/shivam/ros2_ws/src/cpp_pubsub/install/cpp_pubsub/include/cpp_pubsub/cpp_pubsub/msg
-- Installing: /home/shivam/ros2_ws/src/cpp_pubsub/install/cpp_pubsub/include/cpp_pubsub/cpp_pubsub/msg/rosidl_generator_c__visibility_control.h
-- Installing: /home/shivam/ros2_ws/src/cpp_pubsub/install/cpp_pubsub/share/cpp_pubsub/environment/library_path.sh
-- Installing: /home/shivam/ros2_ws/src/cpp_pubsub/install/cpp_pubsub/share/cpp_pubsub/environment/library_path.dsv
-- Installing: /home/shivam/ros2_ws/src/cpp_pubsub/install/cpp_pubsub/lib/libcpp_pubsub__rosidl_generator_c.so
-- Set runtime path of "/home/shivam/ros2_ws/src/cpp_pubsub/install/cpp_pubsub/lib/libcpp_pubsub__rosidl_generator_c.so" to ""
-- Up-to-date: /home/shivam/ros2_ws/src/cpp_pubsub/install/cpp_pubsub/include/cpp_pubsub/cpp_pubsub
-- Up-to-date: /home/shivam/ros2_ws/src/cpp_pubsub/install/cpp_pubsub/include/cpp_pubsub/cpp_pubsub/srv
-- Up-to-date: /home/shivam/ros2_ws/src/cpp_pubsub/install/cpp_pubsub/include/cpp_pubsub/cpp_pubsub/srv/detail
-- Installing: /home/shivam/ros2_ws/src/cpp_pubsub/install/cpp_pubsub/include/cpp_pubsub/cpp_pubsub/srv/detail/modify_message__rosidl_typesupport_fastrtps_c.h
-- Up-to-date: /home/shivam/ros2_ws/src/cpp_pubsub/install/cpp_pubsub/include/cpp_pubsub/cpp_pubsub/msg
-- Installing: /home/shivam/ros2_ws/src/cpp_pubsub/install/cpp_pubsub/include/cpp_pubsub/cpp_pubsub/msg/rosidl_typesupport_fastrtps_c__visibility_control.h
-- Installing: /home/shivam/ros2_ws/src/cpp_pubsub/install/cpp_pubsub/lib/libcpp_pubsub__rosidl_typesupport_fastrtps_c.so
-- Set runtime path of "/home/shivam/ros2_ws/src/cpp_pubsub/install/cpp_pubsub/lib/libcpp_pubsub__rosidl_typesupport_fastrtps_c.so" to ""
-- Up-to-date: /home/shivam/ros2_ws/src/cpp_pubsub/install/cpp_pubsub/include/cpp_pubsub/cpp_pubsub
-- Up-to-date: /home/shivam/ros2_ws/src/cpp_pubsub/install/cpp_pubsub/include/cpp_pubsub/cpp_pubsub/srv
-- Up-to-date: /home/shivam/ros2_ws/src/cpp_pubsub/install/cpp_pubsub/include/cpp_pubsub/cpp_pubsub/srv/detail
-- Installing: /home/shivam/ros2_ws/src/cpp_pubsub/install/cpp_pubsub/include/cpp_pubsub/cpp_pubsub/srv/detail/modify_message__rosidl_typesupport_introspection_c.h
-- Installing: /home/shivam/ros2_ws/src/cpp_pubsub/install/cpp_pubsub/include/cpp_pubsub/cpp_pubsub/srv/detail/modify_message__type_support.c
-- Up-to-date: /home/shivam/ros2_ws/src/cpp_pubsub/install/cpp_pubsub/include/cpp_pubsub/cpp_pubsub/msg
-- Installing: /home/shivam/ros2_ws/src/cpp_pubsub/install/cpp_pubsub/include/cpp_pubsub/cpp_pubsub/msg/rosidl_typesupport_introspection_c__visibility_control.h
-- Installing: /home/shivam/ros2_ws/src/cpp_pubsub/install/cpp_pubsub/lib/libcpp_pubsub__rosidl_typesupport_introspection_c.so
-- Set runtime path of "/home/shivam/ros2_ws/src/cpp_pubsub/install/cpp_pubsub/lib/libcpp_pubsub__rosidl_typesupport_introspection_c.so" to ""
-- Installing: /home/shivam/ros2_ws/src/cpp_pubsub/install/cpp_pubsub/lib/libcpp_pubsub__rosidl_typesupport_c.so
-- Set runtime path of "/home/shivam/ros2_ws/src/cpp_pubsub/install/cpp_pubsub/lib/libcpp_pubsub__rosidl_typesupport_c.so" to ""
-- Up-to-date: /home/shivam/ros2_ws/src/cpp_pubsub/install/cpp_pubsub/include/cpp_pubsub/cpp_pubsub
-- Up-to-date: /home/shivam/ros2_ws/src/cpp_pubsub/install/cpp_pubsub/include/cpp_pubsub/cpp_pubsub/srv
-- Up-to-date: /home/shivam/ros2_ws/src/cpp_pubsub/install/cpp_pubsub/include/cpp_pubsub/cpp_pubsub/srv/detail
-- Installing: /home/shivam/ros2_ws/src/cpp_pubsub/install/cpp_pubsub/include/cpp_pubsub/cpp_pubsub/srv/detail/modify_message__struct.hpp
-- Installing: /home/shivam/ros2_ws/src/cpp_pubsub/install/cpp_pubsub/include/cpp_pubsub/cpp_pubsub/srv/detail/modify_message__traits.hpp
-- Installing: /home/shivam/ros2_ws/src/cpp_pubsub/install/cpp_pubsub/include/cpp_pubsub/cpp_pubsub/srv/detail/modify_message__builder.hpp
-- Installing: /home/shivam/ros2_ws/src/cpp_pubsub/install/cpp_pubsub/include/cpp_pubsub/cpp_pubsub/srv/modify_message.hpp
-- Up-to-date: /home/shivam/ros2_ws/src/cpp_pubsub/install/cpp_pubsub/include/cpp_pubsub/cpp_pubsub
-- Up-to-date: /home/shivam/ros2_ws/src/cpp_pubsub/install/cpp_pubsub/include/cpp_pubsub/cpp_pubsub/srv
-- Up-to-date: /home/shivam/ros2_ws/src/cpp_pubsub/install/cpp_pubsub/include/cpp_pubsub/cpp_pubsub/srv/detail
-- Installing: /home/shivam/ros2_ws/src/cpp_pubsub/install/cpp_pubsub/include/cpp_pubsub/cpp_pubsub/srv/detail/modify_message__rosidl_typesupport_fastrtps_cpp.hpp
-- Installing: /home/shivam/ros2_ws/src/cpp_pubsub/install/cpp_pubsub/include/cpp_pubsub/cpp_pubsub/srv/detail/dds_fastrtps
-- Up-to-date: /home/shivam/ros2_ws/src/cpp_pubsub/install/cpp_pubsub/include/cpp_pubsub/cpp_pubsub/msg
-- Installing: /home/shivam/ros2_ws/src/cpp_pubsub/install/cpp_pubsub/include/cpp_pubsub/cpp_pubsub/msg/rosidl_typesupport_fastrtps_cpp__visibility_control.h
-- Installing: /home/shivam/ros2_ws/src/cpp_pubsub/install/cpp_pubsub/lib/libcpp_pubsub__rosidl_typesupport_fastrtps_cpp.so
-- Set runtime path of "/home/shivam/ros2_ws/src/cpp_pubsub/install/cpp_pubsub/lib/libcpp_pubsub__rosidl_typesupport_fastrtps_cpp.so" to ""
-- Up-to-date: /home/shivam/ros2_ws/src/cpp_pubsub/install/cpp_pubsub/include/cpp_pubsub/cpp_pubsub
-- Up-to-date: /home/shivam/ros2_ws/src/cpp_pubsub/install/cpp_pubsub/include/cpp_pubsub/cpp_pubsub/srv
-- Up-to-date: /home/shivam/ros2_ws/src/cpp_pubsub/install/cpp_pubsub/include/cpp_pubsub/cpp_pubsub/srv/detail
-- Installing: /home/shivam/ros2_ws/src/cpp_pubsub/install/cpp_pubsub/include/cpp_pubsub/cpp_pubsub/srv/detail/modify_message__rosidl_typesupport_introspection_cpp.hpp
-- Installing: /home/shivam/ros2_ws/src/cpp_pubsub/install/cpp_pubsub/include/cpp_pubsub/cpp_pubsub/srv/detail/modify_message__type_support.cpp
-- Installing: /home/shivam/ros2_ws/src/cpp_pubsub/install/cpp_pubsub/lib/libcpp_pubsub__rosidl_typesupport_introspection_cpp.so
-- Set runtime path of "/home/shivam/ros2_ws/src/cpp_pubsub/install/cpp_pubsub/lib/libcpp_pubsub__rosidl_typesupport_introspection_cpp.so" to ""
-- Installing: /home/shivam/ros2_ws/src/cpp_pubsub/install/cpp_pubsub/lib/libcpp_pubsub__rosidl_typesupport_cpp.so
-- Set runtime path of "/home/shivam/ros2_ws/src/cpp_pubsub/install/cpp_pubsub/lib/libcpp_pubsub__rosidl_typesupport_cpp.so" to ""
-- Installing: /home/shivam/ros2_ws/src/cpp_pubsub/install/cpp_pubsub/share/cpp_pubsub/environment/pythonpath.sh
-- Installing: /home/shivam/ros2_ws/src/cpp_pubsub/install/cpp_pubsub/share/cpp_pubsub/environment/pythonpath.dsv
-- Installing: /home/shivam/ros2_ws/src/cpp_pubsub/install/cpp_pubsub/local/lib/python3.10/dist-packages/cpp_pubsub-0.0.0-py3.10.egg-info
-- Installing: /home/shivam/ros2_ws/src/cpp_pubsub/install/cpp_pubsub/local/lib/python3.10/dist-packages/cpp_pubsub-0.0.0-py3.10.egg-info/top_level.txt
-- Installing: /home/shivam/ros2_ws/src/cpp_pubsub/install/cpp_pubsub/local/lib/python3.10/dist-packages/cpp_pubsub-0.0.0-py3.10.egg-info/PKG-INFO
-- Installing: /home/shivam/ros2_ws/src/cpp_pubsub/install/cpp_pubsub/local/lib/python3.10/dist-packages/cpp_pubsub-0.0.0-py3.10.egg-info/SOURCES.txt
-- Installing: /home/shivam/ros2_ws/src/cpp_pubsub/install/cpp_pubsub/local/lib/python3.10/dist-packages/cpp_pubsub-0.0.0-py3.10.egg-info/dependency_links.txt
-- Installing: /home/shivam/ros2_ws/src/cpp_pubsub/install/cpp_pubsub/local/lib/python3.10/dist-packages/cpp_pubsub
-- Installing: /home/shivam/ros2_ws/src/cpp_pubsub/install/cpp_pubsub/local/lib/python3.10/dist-packages/cpp_pubsub/srv
-- Installing: /home/shivam/ros2_ws/src/cpp_pubsub/install/cpp_pubsub/local/lib/python3.10/dist-packages/cpp_pubsub/srv/_modify_message.py
-- Installing: /home/shivam/ros2_ws/src/cpp_pubsub/install/cpp_pubsub/local/lib/python3.10/dist-packages/cpp_pubsub/srv/__init__.py
-- Installing: /home/shivam/ros2_ws/src/cpp_pubsub/install/cpp_pubsub/local/lib/python3.10/dist-packages/cpp_pubsub/srv/_modify_message_s.c
-- Installing: /home/shivam/ros2_ws/src/cpp_pubsub/install/cpp_pubsub/local/lib/python3.10/dist-packages/cpp_pubsub/cpp_pubsub_s__rosidl_typesupport_c.cpython-310-x86_64-linux-gnu.so
-- Installing: /home/shivam/ros2_ws/src/cpp_pubsub/install/cpp_pubsub/local/lib/python3.10/dist-packages/cpp_pubsub/_cpp_pubsub_s.ep.rosidl_typesupport_fastrtps_c.c
-- Installing: /home/shivam/ros2_ws/src/cpp_pubsub/install/cpp_pubsub/local/lib/python3.10/dist-packages/cpp_pubsub/libcpp_pubsub__rosidl_generator_py.so
-- Installing: /home/shivam/ros2_ws/src/cpp_pubsub/install/cpp_pubsub/local/lib/python3.10/dist-packages/cpp_pubsub/__init__.py
-- Installing: /home/shivam/ros2_ws/src/cpp_pubsub/install/cpp_pubsub/local/lib/python3.10/dist-packages/cpp_pubsub/_cpp_pubsub_s.ep.rosidl_typesupport_c.c
-- Installing: /home/shivam/ros2_ws/src/cpp_pubsub/install/cpp_pubsub/local/lib/python3.10/dist-packages/cpp_pubsub/cpp_pubsub_s__rosidl_typesupport_fastrtps_c.cpython-310-x86_64-linux-gnu.so
-- Installing: /home/shivam/ros2_ws/src/cpp_pubsub/install/cpp_pubsub/local/lib/python3.10/dist-packages/cpp_pubsub/_cpp_pubsub_s.ep.rosidl_typesupport_introspection_c.c
-- Installing: /home/shivam/ros2_ws/src/cpp_pubsub/install/cpp_pubsub/local/lib/python3.10/dist-packages/cpp_pubsub/cpp_pubsub_s__rosidl_typesupport_introspection_c.cpython-310-x86_64-linux-gnu.so
Listing '/home/shivam/ros2_ws/src/cpp_pubsub/install/cpp_pubsub/local/lib/python3.10/dist-packages/cpp_pubsub'...
Compiling '/home/shivam/ros2_ws/src/cpp_pubsub/install/cpp_pubsub/local/lib/python3.10/dist-packages/cpp_pubsub/__init__.py'...
Listing '/home/shivam/ros2_ws/src/cpp_pubsub/install/cpp_pubsub/local/lib/python3.10/dist-packages/cpp_pubsub/srv'...
Compiling '/home/shivam/ros2_ws/src/cpp_pubsub/install/cpp_pubsub/local/lib/python3.10/dist-packages/cpp_pubsub/srv/__init__.py'...
Compiling '/home/shivam/ros2_ws/src/cpp_pubsub/install/cpp_pubsub/local/lib/python3.10/dist-packages/cpp_pubsub/srv/_modify_message.py'...
-- Installing: /home/shivam/ros2_ws/src/cpp_pubsub/install/cpp_pubsub/local/lib/python3.10/dist-packages/cpp_pubsub/cpp_pubsub_s__rosidl_typesupport_fastrtps_c.cpython-310-x86_64-linux-gnu.so
-- Set runtime path of "/home/shivam/ros2_ws/src/cpp_pubsub/install/cpp_pubsub/local/lib/python3.10/dist-packages/cpp_pubsub/cpp_pubsub_s__rosidl_typesupport_fastrtps_c.cpython-310-x86_64-linux-gnu.so" to ""
-- Installing: /home/shivam/ros2_ws/src/cpp_pubsub/install/cpp_pubsub/local/lib/python3.10/dist-packages/cpp_pubsub/cpp_pubsub_s__rosidl_typesupport_introspection_c.cpython-310-x86_64-linux-gnu.so
-- Set runtime path of "/home/shivam/ros2_ws/src/cpp_pubsub/install/cpp_pubsub/local/lib/python3.10/dist-packages/cpp_pubsub/cpp_pubsub_s__rosidl_typesupport_introspection_c.cpython-310-x86_64-linux-gnu.so" to ""
-- Installing: /home/shivam/ros2_ws/src/cpp_pubsub/install/cpp_pubsub/local/lib/python3.10/dist-packages/cpp_pubsub/cpp_pubsub_s__rosidl_typesupport_c.cpython-310-x86_64-linux-gnu.so
-- Set runtime path of "/home/shivam/ros2_ws/src/cpp_pubsub/install/cpp_pubsub/local/lib/python3.10/dist-packages/cpp_pubsub/cpp_pubsub_s__rosidl_typesupport_c.cpython-310-x86_64-linux-gnu.so" to ""
-- Installing: /home/shivam/ros2_ws/src/cpp_pubsub/install/cpp_pubsub/lib/libcpp_pubsub__rosidl_generator_py.so
-- Set runtime path of "/home/shivam/ros2_ws/src/cpp_pubsub/install/cpp_pubsub/lib/libcpp_pubsub__rosidl_generator_py.so" to ""
-- Installing: /home/shivam/ros2_ws/src/cpp_pubsub/install/cpp_pubsub/share/cpp_pubsub/srv/ModifyMessage.idl
-- Installing: /home/shivam/ros2_ws/src/cpp_pubsub/install/cpp_pubsub/share/cpp_pubsub/srv/ModifyMessage.srv
-- Installing: /home/shivam/ros2_ws/src/cpp_pubsub/install/cpp_pubsub/share/cpp_pubsub/srv/ModifyMessage_Request.msg
-- Installing: /home/shivam/ros2_ws/src/cpp_pubsub/install/cpp_pubsub/share/cpp_pubsub/srv/ModifyMessage_Response.msg
-- Installing: /home/shivam/ros2_ws/src/cpp_pubsub/install/cpp_pubsub/lib/cpp_pubsub/talker
-- Set runtime path of "/home/shivam/ros2_ws/src/cpp_pubsub/install/cpp_pubsub/lib/cpp_pubsub/talker" to ""
-- Installing: /home/shivam/ros2_ws/src/cpp_pubsub/install/cpp_pubsub/lib/cpp_pubsub/listener
-- Set runtime path of "/home/shivam/ros2_ws/src/cpp_pubsub/install/cpp_pubsub/lib/cpp_pubsub/listener" to ""
-- Installing: /home/shivam/ros2_ws/src/cpp_pubsub/install/cpp_pubsub/share/cpp_pubsub/launch
-- Installing: /home/shivam/ros2_ws/src/cpp_pubsub/install/cpp_pubsub/share/cpp_pubsub/launch/rosbag_launch.py
-- Installing: /home/shivam/ros2_ws/src/cpp_pubsub/install/cpp_pubsub/share/cpp_pubsub/launch/cpp_pubsub_launch.py
-- Installing: /home/shivam/ros2_ws/src/cpp_pubsub/install/cpp_pubsub/share/ament_index/resource_index/package_run_dependencies/cpp_pubsub
-- Installing: /home/shivam/ros2_ws/src/cpp_pubsub/install/cpp_pubsub/share/ament_index/resource_index/parent_prefix_path/cpp_pubsub
-- Installing: /home/shivam/ros2_ws/src/cpp_pubsub/install/cpp_pubsub/share/cpp_pubsub/environment/ament_prefix_path.sh
-- Installing: /home/shivam/ros2_ws/src/cpp_pubsub/install/cpp_pubsub/share/cpp_pubsub/environment/ament_prefix_path.dsv
-- Installing: /home/shivam/ros2_ws/src/cpp_pubsub/install/cpp_pubsub/share/cpp_pubsub/environment/path.sh
-- Installing: /home/shivam/ros2_ws/src/cpp_pubsub/install/cpp_pubsub/share/cpp_pubsub/environment/path.dsv
-- Installing: /home/shivam/ros2_ws/src/cpp_pubsub/install/cpp_pubsub/share/cpp_pubsub/local_setup.bash
-- Installing: /home/shivam/ros2_ws/src/cpp_pubsub/install/cpp_pubsub/share/cpp_pubsub/local_setup.sh
-- Installing: /home/shivam/ros2_ws/src/cpp_pubsub/install/cpp_pubsub/share/cpp_pubsub/local_setup.zsh
-- Installing: /home/shivam/ros2_ws/src/cpp_pubsub/install/cpp_pubsub/share/cpp_pubsub/local_setup.dsv
-- Installing: /home/shivam/ros2_ws/src/cpp_pubsub/install/cpp_pubsub/share/cpp_pubsub/package.dsv
-- Installing: /home/shivam/ros2_ws/src/cpp_pubsub/install/cpp_pubsub/share/ament_index/resource_index/packages/cpp_pubsub
-- Installing: /home/shivam/ros2_ws/src/cpp_pubsub/install/cpp_pubsub/share/cpp_pubsub/cmake/export_cpp_pubsub__rosidl_generator_cExport.cmake
-- Installing: /home/shivam/ros2_ws/src/cpp_pubsub/install/cpp_pubsub/share/cpp_pubsub/cmake/export_cpp_pubsub__rosidl_generator_cExport-noconfig.cmake
-- Installing: /home/shivam/ros2_ws/src/cpp_pubsub/install/cpp_pubsub/share/cpp_pubsub/cmake/export_cpp_pubsub__rosidl_typesupport_fastrtps_cExport.cmake
-- Installing: /home/shivam/ros2_ws/src/cpp_pubsub/install/cpp_pubsub/share/cpp_pubsub/cmake/export_cpp_pubsub__rosidl_typesupport_fastrtps_cExport-noconfig.cmake
-- Installing: /home/shivam/ros2_ws/src/cpp_pubsub/install/cpp_pubsub/share/cpp_pubsub/cmake/cpp_pubsub__rosidl_typesupport_introspection_cExport.cmake
-- Installing: /home/shivam/ros2_ws/src/cpp_pubsub/install/cpp_pubsub/share/cpp_pubsub/cmake/cpp_pubsub__rosidl_typesupport_introspection_cExport-noconfig.cmake
-- Installing: /home/shivam/ros2_ws/src/cpp_pubsub/install/cpp_pubsub/share/cpp_pubsub/cmake/cpp_pubsub__rosidl_typesupport_cExport.cmake
-- Installing: /home/shivam/ros2_ws/src/cpp_pubsub/install/cpp_pubsub/share/cpp_pubsub/cmake/cpp_pubsub__rosidl_typesupport_cExport-noconfig.cmake
-- Installing: /home/shivam/ros2_ws/src/cpp_pubsub/install/cpp_pubsub/share/cpp_pubsub/cmake/export_cpp_pubsub__rosidl_generator_cppExport.cmake
-- Installing: /home/shivam/ros2_ws/src/cpp_pubsub/install/cpp_pubsub/share/cpp_pubsub/cmake/export_cpp_pubsub__rosidl_typesupport_fastrtps_cppExport.cmake
-- Installing: /home/shivam/ros2_ws/src/cpp_pubsub/install/cpp_pubsub/share/cpp_pubsub/cmake/export_cpp_pubsub__rosidl_typesupport_fastrtps_cppExport-noconfig.cmake
-- Installing: /home/shivam/ros2_ws/src/cpp_pubsub/install/cpp_pubsub/share/cpp_pubsub/cmake/cpp_pubsub__rosidl_typesupport_introspection_cppExport.cmake
-- Installing: /home/shivam/ros2_ws/src/cpp_pubsub/install/cpp_pubsub/share/cpp_pubsub/cmake/cpp_pubsub__rosidl_typesupport_introspection_cppExport-noconfig.cmake
-- Installing: /home/shivam/ros2_ws/src/cpp_pubsub/install/cpp_pubsub/share/cpp_pubsub/cmake/cpp_pubsub__rosidl_typesupport_cppExport.cmake
-- Installing: /home/shivam/ros2_ws/src/cpp_pubsub/install/cpp_pubsub/share/cpp_pubsub/cmake/cpp_pubsub__rosidl_typesupport_cppExport-noconfig.cmake
-- Installing: /home/shivam/ros2_ws/src/cpp_pubsub/install/cpp_pubsub/share/cpp_pubsub/cmake/export_cpp_pubsub__rosidl_generator_pyExport.cmake
-- Installing: /home/shivam/ros2_ws/src/cpp_pubsub/install/cpp_pubsub/share/cpp_pubsub/cmake/export_cpp_pubsub__rosidl_generator_pyExport-noconfig.cmake
-- Installing: /home/shivam/ros2_ws/src/cpp_pubsub/install/cpp_pubsub/share/cpp_pubsub/cmake/rosidl_cmake-extras.cmake
-- Installing: /home/shivam/ros2_ws/src/cpp_pubsub/install/cpp_pubsub/share/cpp_pubsub/cmake/ament_cmake_export_include_directories-extras.cmake
-- Installing: /home/shivam/ros2_ws/src/cpp_pubsub/install/cpp_pubsub/share/cpp_pubsub/cmake/ament_cmake_export_libraries-extras.cmake
-- Installing: /home/shivam/ros2_ws/src/cpp_pubsub/install/cpp_pubsub/share/cpp_pubsub/cmake/ament_cmake_export_targets-extras.cmake
-- Installing: /home/shivam/ros2_ws/src/cpp_pubsub/install/cpp_pubsub/share/cpp_pubsub/cmake/rosidl_cmake_export_typesupport_targets-extras.cmake
-- Installing: /home/shivam/ros2_ws/src/cpp_pubsub/install/cpp_pubsub/share/cpp_pubsub/cmake/ament_cmake_export_dependencies-extras.cmake
-- Installing: /home/shivam/ros2_ws/src/cpp_pubsub/install/cpp_pubsub/share/cpp_pubsub/cmake/rosidl_cmake_export_typesupport_libraries-extras.cmake
-- Installing: /home/shivam/ros2_ws/src/cpp_pubsub/install/cpp_pubsub/share/cpp_pubsub/cmake/cpp_pubsubConfig.cmake
-- Installing: /home/shivam/ros2_ws/src/cpp_pubsub/install/cpp_pubsub/share/cpp_pubsub/cmake/cpp_pubsubConfig-version.cmake
-- Installing: /home/shivam/ros2_ws/src/cpp_pubsub/install/cpp_pubsub/share/cpp_pubsub/package.xml
